This file contains any messages produced by compilers while
running configure, to aid debugging if configure makes a mistake.

It was created by duo_unix configure 1.11.4, which was
generated by GNU Autoconf 2.69.  Invocation command line was

  $ ./configure --with-pam --prefix=/usr

## --------- ##
## Platform. ##
## --------- ##

hostname = raspberrypi
uname -m = armv7l
uname -r = 5.10.17-v7l+
uname -s = Linux
uname -v = #1414 SMP Fri Apr 30 13:20:47 BST 2021

/usr/bin/uname -p = unknown
/bin/uname -X     = unknown

/bin/arch              = armv7l
/usr/bin/arch -k       = unknown
/usr/convex/getsysinfo = unknown
/usr/bin/hostinfo      = unknown
/bin/machine           = unknown
/usr/bin/oslevel       = unknown
/bin/universe          = unknown

PATH: /usr/local/sbin
PATH: /usr/local/bin
PATH: /usr/sbin
PATH: /usr/bin
PATH: /sbin
PATH: /bin
PATH: /usr/local/games
PATH: /usr/games


## ----------- ##
## Core tests. ##
## ----------- ##

configure:2358: checking for a BSD-compatible install
configure:2426: result: /usr/bin/install -c
configure:2437: checking whether build environment is sane
configure:2492: result: yes
configure:2641: checking for a thread-safe mkdir -p
configure:2680: result: /usr/bin/mkdir -p
configure:2687: checking for gawk
configure:2717: result: no
configure:2687: checking for mawk
configure:2703: found /usr/bin/mawk
configure:2714: result: mawk
configure:2725: checking whether make sets $(MAKE)
configure:2747: result: yes
configure:2776: checking whether make supports nested variables
configure:2793: result: yes
configure:2878: checking whether to enable maintainer-specific portions of Makefiles
configure:2887: result: no
configure:2904: checking build system type
configure:2918: result: armv7l-unknown-linux-gnueabihf
configure:2938: checking host system type
configure:2951: result: armv7l-unknown-linux-gnueabihf
configure:2978: autobuild project... duo_unix
configure:2984: autobuild revision... 1.11.4
configure:2989: autobuild hostname... raspberrypi
configure:3000: autobuild timestamp... 20210608T150348Z
configure:3048: checking for style of include used by make
configure:3076: result: GNU
configure:3147: checking for gcc
configure:3163: found /usr/bin/gcc
configure:3174: result: gcc
configure:3403: checking for C compiler version
configure:3412: gcc --version >&5
gcc (Raspbian 8.3.0-6+rpi1) 8.3.0
Copyright (C) 2018 Free Software Foundation, Inc.
This is free software; see the source for copying conditions.  There is NO
warranty; not even for MERCHANTABILITY or FITNESS FOR A PARTICULAR PURPOSE.

configure:3423: $? = 0
configure:3412: gcc -v >&5
Using built-in specs.
COLLECT_GCC=gcc
COLLECT_LTO_WRAPPER=/usr/lib/gcc/arm-linux-gnueabihf/8/lto-wrapper
Target: arm-linux-gnueabihf
Configured with: ../src/configure -v --with-pkgversion='Raspbian 8.3.0-6+rpi1' --with-bugurl=file:///usr/share/doc/gcc-8/README.Bugs --enable-languages=c,ada,c++,go,d,fortran,objc,obj-c++ --prefix=/usr --with-gcc-major-version-only --program-suffix=-8 --program-prefix=arm-linux-gnueabihf- --enable-shared --enable-linker-build-id --libexecdir=/usr/lib --without-included-gettext --enable-threads=posix --libdir=/usr/lib --enable-nls --enable-bootstrap --enable-clocale=gnu --enable-libstdcxx-debug --enable-libstdcxx-time=yes --with-default-libstdcxx-abi=new --enable-gnu-unique-object --disable-libitm --disable-libquadmath --disable-libquadmath-support --enable-plugin --with-system-zlib --with-target-system-zlib --enable-objc-gc=auto --enable-multiarch --disable-sjlj-exceptions --with-arch=armv6 --with-fpu=vfp --with-float=hard --disable-werror --enable-checking=release --build=arm-linux-gnueabihf --host=arm-linux-gnueabihf --target=arm-linux-gnueabihf
Thread model: posix
gcc version 8.3.0 (Raspbian 8.3.0-6+rpi1) 
configure:3423: $? = 0
configure:3412: gcc -V >&5
gcc: error: unrecognized command line option '-V'
gcc: fatal error: no input files
compilation terminated.
configure:3423: $? = 1
configure:3412: gcc -qversion >&5
gcc: error: unrecognized command line option '-qversion'; did you mean '--version'?
gcc: fatal error: no input files
compilation terminated.
configure:3423: $? = 1
configure:3443: checking whether the C compiler works
configure:3465: gcc    conftest.c  >&5
configure:3469: $? = 0
configure:3517: result: yes
configure:3520: checking for C compiler default output file name
configure:3522: result: a.out
configure:3528: checking for suffix of executables
configure:3535: gcc -o conftest    conftest.c  >&5
configure:3539: $? = 0
configure:3561: result: 
configure:3583: checking whether we are cross compiling
configure:3591: gcc -o conftest    conftest.c  >&5
configure:3595: $? = 0
configure:3602: ./conftest
configure:3606: $? = 0
configure:3594: result: no
configure:3599: checking for suffix of object files
configure:3621: gcc -c   conftest.c >&5
configure:3625: $? = 0
configure:3646: result: o
configure:3650: checking whether we are using the GNU C compiler
configure:3669: gcc -c   conftest.c >&5
configure:3669: $? = 0
configure:3678: result: yes
configure:3687: checking whether gcc accepts -g
configure:3707: gcc -c -g  conftest.c >&5
configure:3707: $? = 0
configure:3748: result: yes
configure:3765: checking for gcc option to accept ISO C89
configure:3828: gcc  -c -g -O2  conftest.c >&5
configure:3828: $? = 0
configure:3841: result: none needed
configure:3863: checking dependency style of gcc
configure:3974: result: gcc3
configure:3995: checking how to run the C preprocessor
configure:4026: gcc -E  conftest.c
configure:4026: $? = 0
configure:4040: gcc -E  conftest.c
conftest.c:13:10: fatal error: ac_nonexistent.h: No such file or directory
 #include <ac_nonexistent.h>
          ^~~~~~~~~~~~~~~~~~
compilation terminated.
configure:4040: $? = 1
configure: failed program was:
| /* confdefs.h */
| #define PACKAGE_NAME "duo_unix"
| #define PACKAGE_TARNAME "duo_unix"
| #define PACKAGE_VERSION "1.11.4"
| #define PACKAGE_STRING "duo_unix 1.11.4"
| #define PACKAGE_BUGREPORT "support@duosecurity.com"
| #define PACKAGE_URL ""
| #define PACKAGE "duo_unix"
| #define VERSION "1.11.4"
| #define DUO_CONF_DIR "/etc/duo"
| #define CANONICAL_HOST "armv7l-unknown-linux-gnueabihf"
| /* end confdefs.h.  */
| #include <ac_nonexistent.h>
configure:4065: result: gcc -E
configure:4085: gcc -E  conftest.c
configure:4085: $? = 0
configure:4099: gcc -E  conftest.c
conftest.c:13:10: fatal error: ac_nonexistent.h: No such file or directory
 #include <ac_nonexistent.h>
          ^~~~~~~~~~~~~~~~~~
compilation terminated.
configure:4099: $? = 1
configure: failed program was:
| /* confdefs.h */
| #define PACKAGE_NAME "duo_unix"
| #define PACKAGE_TARNAME "duo_unix"
| #define PACKAGE_VERSION "1.11.4"
| #define PACKAGE_STRING "duo_unix 1.11.4"
| #define PACKAGE_BUGREPORT "support@duosecurity.com"
| #define PACKAGE_URL ""
| #define PACKAGE "duo_unix"
| #define VERSION "1.11.4"
| #define DUO_CONF_DIR "/etc/duo"
| #define CANONICAL_HOST "armv7l-unknown-linux-gnueabihf"
| /* end confdefs.h.  */
| #include <ac_nonexistent.h>
configure:4128: checking for grep that handles long lines and -e
configure:4186: result: /usr/bin/grep
configure:4191: checking for egrep
configure:4253: result: /usr/bin/grep -E
configure:4258: checking for ANSI C header files
configure:4278: gcc -c -g -O2  conftest.c >&5
configure:4278: $? = 0
configure:4351: gcc -o conftest -g -O2   conftest.c  >&5
configure:4351: $? = 0
configure:4351: ./conftest
configure:4351: $? = 0
configure:4362: result: yes
configure:4375: checking for sys/types.h
configure:4375: gcc -c -g -O2  conftest.c >&5
configure:4375: $? = 0
configure:4375: result: yes
configure:4375: checking for sys/stat.h
configure:4375: gcc -c -g -O2  conftest.c >&5
configure:4375: $? = 0
configure:4375: result: yes
configure:4375: checking for stdlib.h
configure:4375: gcc -c -g -O2  conftest.c >&5
configure:4375: $? = 0
configure:4375: result: yes
configure:4375: checking for string.h
configure:4375: gcc -c -g -O2  conftest.c >&5
configure:4375: $? = 0
configure:4375: result: yes
configure:4375: checking for memory.h
configure:4375: gcc -c -g -O2  conftest.c >&5
configure:4375: $? = 0
configure:4375: result: yes
configure:4375: checking for strings.h
configure:4375: gcc -c -g -O2  conftest.c >&5
configure:4375: $? = 0
configure:4375: result: yes
configure:4375: checking for inttypes.h
configure:4375: gcc -c -g -O2  conftest.c >&5
configure:4375: $? = 0
configure:4375: result: yes
configure:4375: checking for stdint.h
configure:4375: gcc -c -g -O2  conftest.c >&5
configure:4375: $? = 0
configure:4375: result: yes
configure:4375: checking for unistd.h
configure:4375: gcc -c -g -O2  conftest.c >&5
configure:4375: $? = 0
configure:4375: result: yes
configure:4388: checking minix/config.h usability
configure:4388: gcc -c -g -O2  conftest.c >&5
conftest.c:56:10: fatal error: minix/config.h: No such file or directory
 #include <minix/config.h>
          ^~~~~~~~~~~~~~~~
compilation terminated.
configure:4388: $? = 1
configure: failed program was:
| /* confdefs.h */
| #define PACKAGE_NAME "duo_unix"
| #define PACKAGE_TARNAME "duo_unix"
| #define PACKAGE_VERSION "1.11.4"
| #define PACKAGE_STRING "duo_unix 1.11.4"
| #define PACKAGE_BUGREPORT "support@duosecurity.com"
| #define PACKAGE_URL ""
| #define PACKAGE "duo_unix"
| #define VERSION "1.11.4"
| #define DUO_CONF_DIR "/etc/duo"
| #define CANONICAL_HOST "armv7l-unknown-linux-gnueabihf"
| #define STDC_HEADERS 1
| #define HAVE_SYS_TYPES_H 1
| #define HAVE_SYS_STAT_H 1
| #define HAVE_STDLIB_H 1
| #define HAVE_STRING_H 1
| #define HAVE_MEMORY_H 1
| #define HAVE_STRINGS_H 1
| #define HAVE_INTTYPES_H 1
| #define HAVE_STDINT_H 1
| #define HAVE_UNISTD_H 1
| /* end confdefs.h.  */
| #include <stdio.h>
| #ifdef HAVE_SYS_TYPES_H
| # include <sys/types.h>
| #endif
| #ifdef HAVE_SYS_STAT_H
| # include <sys/stat.h>
| #endif
| #ifdef STDC_HEADERS
| # include <stdlib.h>
| # include <stddef.h>
| #else
| # ifdef HAVE_STDLIB_H
| #  include <stdlib.h>
| # endif
| #endif
| #ifdef HAVE_STRING_H
| # if !defined STDC_HEADERS && defined HAVE_MEMORY_H
| #  include <memory.h>
| # endif
| # include <string.h>
| #endif
| #ifdef HAVE_STRINGS_H
| # include <strings.h>
| #endif
| #ifdef HAVE_INTTYPES_H
| # include <inttypes.h>
| #endif
| #ifdef HAVE_STDINT_H
| # include <stdint.h>
| #endif
| #ifdef HAVE_UNISTD_H
| # include <unistd.h>
| #endif
| #include <minix/config.h>
configure:4388: result: no
configure:4388: checking minix/config.h presence
configure:4388: gcc -E  conftest.c
conftest.c:23:10: fatal error: minix/config.h: No such file or directory
 #include <minix/config.h>
          ^~~~~~~~~~~~~~~~
compilation terminated.
configure:4388: $? = 1
configure: failed program was:
| /* confdefs.h */
| #define PACKAGE_NAME "duo_unix"
| #define PACKAGE_TARNAME "duo_unix"
| #define PACKAGE_VERSION "1.11.4"
| #define PACKAGE_STRING "duo_unix 1.11.4"
| #define PACKAGE_BUGREPORT "support@duosecurity.com"
| #define PACKAGE_URL ""
| #define PACKAGE "duo_unix"
| #define VERSION "1.11.4"
| #define DUO_CONF_DIR "/etc/duo"
| #define CANONICAL_HOST "armv7l-unknown-linux-gnueabihf"
| #define STDC_HEADERS 1
| #define HAVE_SYS_TYPES_H 1
| #define HAVE_SYS_STAT_H 1
| #define HAVE_STDLIB_H 1
| #define HAVE_STRING_H 1
| #define HAVE_MEMORY_H 1
| #define HAVE_STRINGS_H 1
| #define HAVE_INTTYPES_H 1
| #define HAVE_STDINT_H 1
| #define HAVE_UNISTD_H 1
| /* end confdefs.h.  */
| #include <minix/config.h>
configure:4388: result: no
configure:4388: checking for minix/config.h
configure:4388: result: no
configure:4409: checking whether it is safe to define __EXTENSIONS__
configure:4427: gcc -c -g -O2  conftest.c >&5
configure:4427: $? = 0
configure:4434: result: yes
configure:4499: checking for gcc
configure:4526: result: gcc
configure:4755: checking for C compiler version
configure:4764: gcc --version >&5
gcc (Raspbian 8.3.0-6+rpi1) 8.3.0
Copyright (C) 2018 Free Software Foundation, Inc.
This is free software; see the source for copying conditions.  There is NO
warranty; not even for MERCHANTABILITY or FITNESS FOR A PARTICULAR PURPOSE.

configure:4775: $? = 0
configure:4764: gcc -v >&5
Using built-in specs.
COLLECT_GCC=gcc
COLLECT_LTO_WRAPPER=/usr/lib/gcc/arm-linux-gnueabihf/8/lto-wrapper
Target: arm-linux-gnueabihf
Configured with: ../src/configure -v --with-pkgversion='Raspbian 8.3.0-6+rpi1' --with-bugurl=file:///usr/share/doc/gcc-8/README.Bugs --enable-languages=c,ada,c++,go,d,fortran,objc,obj-c++ --prefix=/usr --with-gcc-major-version-only --program-suffix=-8 --program-prefix=arm-linux-gnueabihf- --enable-shared --enable-linker-build-id --libexecdir=/usr/lib --without-included-gettext --enable-threads=posix --libdir=/usr/lib --enable-nls --enable-bootstrap --enable-clocale=gnu --enable-libstdcxx-debug --enable-libstdcxx-time=yes --with-default-libstdcxx-abi=new --enable-gnu-unique-object --disable-libitm --disable-libquadmath --disable-libquadmath-support --enable-plugin --with-system-zlib --with-target-system-zlib --enable-objc-gc=auto --enable-multiarch --disable-sjlj-exceptions --with-arch=armv6 --with-fpu=vfp --with-float=hard --disable-werror --enable-checking=release --build=arm-linux-gnueabihf --host=arm-linux-gnueabihf --target=arm-linux-gnueabihf
Thread model: posix
gcc version 8.3.0 (Raspbian 8.3.0-6+rpi1) 
configure:4775: $? = 0
configure:4764: gcc -V >&5
gcc: error: unrecognized command line option '-V'
gcc: fatal error: no input files
compilation terminated.
configure:4775: $? = 1
configure:4764: gcc -qversion >&5
gcc: error: unrecognized command line option '-qversion'; did you mean '--version'?
gcc: fatal error: no input files
compilation terminated.
configure:4775: $? = 1
configure:4779: checking whether we are using the GNU C compiler
configure:4807: result: yes
configure:4816: checking whether gcc accepts -g
configure:4877: result: yes
configure:4894: checking for gcc option to accept ISO C89
configure:4970: result: none needed
configure:4992: checking dependency style of gcc
configure:5103: result: gcc3
configure:5119: checking whether gcc and cc understand -c and -o together
configure:5150: gcc -c conftest.c -o conftest2.o >&5
configure:5154: $? = 0
configure:5160: gcc -c conftest.c -o conftest2.o >&5
configure:5164: $? = 0
configure:5175: cc -c conftest.c >&5
configure:5179: $? = 0
configure:5187: cc -c conftest.c -o conftest2.o >&5
configure:5191: $? = 0
configure:5197: cc -c conftest.c -o conftest2.o >&5
configure:5201: $? = 0
configure:5219: result: yes
configure:5293: checking how to print strings
configure:5320: result: printf
configure:5341: checking for a sed that does not truncate output
configure:5405: result: /usr/bin/sed
configure:5423: checking for fgrep
configure:5485: result: /usr/bin/grep -F
configure:5520: checking for ld used by gcc
configure:5587: result: /usr/bin/ld
configure:5594: checking if the linker (/usr/bin/ld) is GNU ld
configure:5609: result: yes
configure:5621: checking for BSD- or MS-compatible name lister (nm)
configure:5670: result: /usr/bin/nm -B
configure:5800: checking the name lister (/usr/bin/nm -B) interface
configure:5807: gcc -c -g -O2  conftest.c >&5
configure:5810: /usr/bin/nm -B "conftest.o"
configure:5813: output
00000000 B some_variable
configure:5814: result: BSD nm
configure:5817: checking whether ln -s works
configure:5821: result: yes
configure:5829: checking the maximum length of command line arguments
configure:5959: result: 1572864
configure:5976: checking whether the shell understands some XSI constructs
configure:5985: result: yes
configure:5989: checking whether the shell understands "+="
configure:5993: result: yes
configure:6028: checking how to convert armv7l-unknown-linux-gnueabihf file names to armv7l-unknown-linux-gnueabihf format
configure:6068: result: func_convert_file_noop
configure:6075: checking how to convert armv7l-unknown-linux-gnueabihf file names to toolchain format
configure:6095: result: func_convert_file_noop
configure:6102: checking for /usr/bin/ld option to reload object files
configure:6109: result: -r
configure:6183: checking for objdump
configure:6199: found /usr/bin/objdump
configure:6210: result: objdump
configure:6242: checking how to recognize dependent libraries
configure:6444: result: pass_all
configure:6529: checking for dlltool
configure:6559: result: no
configure:6589: checking how to associate runtime and link libraries
configure:6616: result: printf %s\n
configure:6676: checking for ar
configure:6692: found /usr/bin/ar
configure:6703: result: ar
configure:6740: checking for archiver @FILE support
configure:6757: gcc -c -g -O2  conftest.c >&5
configure:6757: $? = 0
configure:6760: ar cru libconftest.a @conftest.lst >&5
ar: `u' modifier ignored since `D' is the default (see `U')
configure:6763: $? = 0
configure:6768: ar cru libconftest.a @conftest.lst >&5
ar: `u' modifier ignored since `D' is the default (see `U')
ar: conftest.o: No such file or directory
configure:6771: $? = 1
configure:6770: result: @
configure:6828: checking for strip
configure:6844: found /usr/bin/strip
configure:6855: result: strip
configure:6927: checking for ranlib
configure:6943: found /usr/bin/ranlib
configure:6954: result: ranlib
configure:7056: checking command to parse /usr/bin/nm -B output from gcc object
configure:7176: gcc -c -g -O2  conftest.c >&5
configure:7179: $? = 0
configure:7183: /usr/bin/nm -B conftest.o \| sed -n -e 's/^.*[ ]\([ABCDGIRSTW][ABCDGIRSTW]*\)[ ][ ]*\([_A-Za-z][_A-Za-z0-9]*\)$/\1 \2 \2/p' | sed '/ __gnu_lto/d' \> conftest.nm
configure:7186: $? = 0
configure:7252: gcc -o conftest -g -O2   conftest.c conftstm.o >&5
configure:7255: $? = 0
configure:7293: result: ok
configure:7330: checking for sysroot
configure:7360: result: no
configure:7616: checking for mt
configure:7632: found /usr/bin/mt
configure:7643: result: mt
configure:7666: checking if mt is a manifest tool
configure:7672: mt '-?'
configure:7680: result: no
configure:8319: checking for dlfcn.h
configure:8319: gcc -c -g -O2  conftest.c >&5
configure:8319: $? = 0
configure:8319: result: yes
configure:8525: checking for objdir
configure:8540: result: .libs
configure:8811: checking if gcc supports -fno-rtti -fno-exceptions
configure:8829: gcc -c -g -O2  -fno-rtti -fno-exceptions conftest.c >&5
cc1: warning: command line option '-fno-rtti' is valid for C++/ObjC++ but not for C
configure:8833: $? = 0
configure:8846: result: no
configure:9173: checking for gcc option to produce PIC
configure:9180: result: -fPIC -DPIC
configure:9188: checking if gcc PIC flag -fPIC -DPIC works
configure:9206: gcc -c -g -O2  -fPIC -DPIC -DPIC conftest.c >&5
configure:9210: $? = 0
configure:9223: result: yes
configure:9252: checking if gcc static flag -static works
configure:9280: result: yes
configure:9295: checking if gcc supports -c -o file.o
configure:9316: gcc -c -g -O2  -o out/conftest2.o conftest.c >&5
configure:9320: $? = 0
configure:9342: result: yes
configure:9350: checking if gcc supports -c -o file.o
configure:9397: result: yes
configure:9430: checking whether the gcc linker (/usr/bin/ld) supports shared libraries
configure:10583: result: yes
configure:10620: checking whether -lc should be explicitly linked in
configure:10628: gcc -c -g -O2  conftest.c >&5
configure:10631: $? = 0
configure:10646: gcc -shared  -fPIC -DPIC conftest.o  -v -Wl,-soname -Wl,conftest -o conftest 2\>\&1 \| /usr/bin/grep  -lc  \>/dev/null 2\>\&1
configure:10649: $? = 0
configure:10663: result: no
configure:10823: checking dynamic linker characteristics
configure:11334: gcc -o conftest -g -O2   -Wl,-rpath -Wl,/foo conftest.c  >&5
configure:11334: $? = 0
configure:11560: result: GNU/Linux ld.so
configure:11667: checking how to hardcode library paths into programs
configure:11692: result: immediate
configure:12232: checking whether stripping libraries is possible
configure:12237: result: yes
configure:12272: checking if libtool supports shared libraries
configure:12274: result: yes
configure:12277: checking whether to build shared libraries
configure:12298: result: yes
configure:12301: checking whether to build static libraries
configure:12305: result: yes
configure:9373: Adding gcc options: -g -O2 -Wall -D_FORTIFY_SOURCE=2
configure:9380: checking if -fstack-protector and -fstack-protector-all are supported.
configure:9393: gcc -c -g -O2 -Wall -D_FORTIFY_SOURCE=2 -fstack-protector  conftest.c >&5
configure:9393: $? = 0
configure:9410: gcc -c -g -O2 -Wall -D_FORTIFY_SOURCE=2 -fstack-protector-all  conftest.c >&5
configure:9410: $? = 0
configure:9419: result: yes
configure:9454: -fstack-protector enabled in CFLAGS
configure:9462: checking whether byte ordering is bigendian
configure:9477: gcc -c -g -O2 -Wall -D_FORTIFY_SOURCE=2 -fstack-protector  conftest.c >&5
conftest.c:32:9: error: unknown type name 'not'
         not a universal capable compiler
         ^~~
conftest.c:32:15: error: expected '=', ',', ';', 'asm' or '__attribute__' before 'universal'
         not a universal capable compiler
               ^~~~~~~~~
conftest.c:32:15: error: unknown type name 'universal'
configure:9477: $? = 1
configure: failed program was:
| /* confdefs.h */
| #define PACKAGE_NAME "duo_unix"
| #define PACKAGE_TARNAME "duo_unix"
| #define PACKAGE_VERSION "1.11.4"
| #define PACKAGE_STRING "duo_unix 1.11.4"
| #define PACKAGE_BUGREPORT "support@duosecurity.com"
| #define PACKAGE_URL ""
| #define PACKAGE "duo_unix"
| #define VERSION "1.11.4"
| #define DUO_CONF_DIR "/etc/duo"
| #define CANONICAL_HOST "armv7l-unknown-linux-gnueabihf"
| #define STDC_HEADERS 1
| #define HAVE_SYS_TYPES_H 1
| #define HAVE_SYS_STAT_H 1
| #define HAVE_STDLIB_H 1
| #define HAVE_STRING_H 1
| #define HAVE_MEMORY_H 1
| #define HAVE_STRINGS_H 1
| #define HAVE_INTTYPES_H 1
| #define HAVE_STDINT_H 1
| #define HAVE_UNISTD_H 1
| #define __EXTENSIONS__ 1
| #define _ALL_SOURCE 1
| #define _GNU_SOURCE 1
| #define _POSIX_PTHREAD_SEMANTICS 1
| #define _TANDEM_SOURCE 1
| #define HAVE_DLFCN_H 1
| #define LT_OBJDIR ".libs/"
| #define UNITY_VERSION "Unity-2.4.3"
| /* end confdefs.h.  */
| #ifndef __APPLE_CC__
| 	       not a universal capable compiler
| 	     #endif
| 	     typedef int dummy;
| 
configure:9522: gcc -c -g -O2 -Wall -D_FORTIFY_SOURCE=2 -fstack-protector  conftest.c >&5
configure:9522: $? = 0
configure:9540: gcc -c -g -O2 -Wall -D_FORTIFY_SOURCE=2 -fstack-protector  conftest.c >&5
conftest.c: In function 'main':
conftest.c:38:4: error: unknown type name 'not'; did you mean 'ino_t'?
    not big endian
    ^~~
    ino_t
conftest.c:38:12: error: expected '=', ',', ';', 'asm' or '__attribute__' before 'endian'
    not big endian
            ^~~~~~
configure:9540: $? = 1
configure: failed program was:
| /* confdefs.h */
| #define PACKAGE_NAME "duo_unix"
| #define PACKAGE_TARNAME "duo_unix"
| #define PACKAGE_VERSION "1.11.4"
| #define PACKAGE_STRING "duo_unix 1.11.4"
| #define PACKAGE_BUGREPORT "support@duosecurity.com"
| #define PACKAGE_URL ""
| #define PACKAGE "duo_unix"
| #define VERSION "1.11.4"
| #define DUO_CONF_DIR "/etc/duo"
| #define CANONICAL_HOST "armv7l-unknown-linux-gnueabihf"
| #define STDC_HEADERS 1
| #define HAVE_SYS_TYPES_H 1
| #define HAVE_SYS_STAT_H 1
| #define HAVE_STDLIB_H 1
| #define HAVE_STRING_H 1
| #define HAVE_MEMORY_H 1
| #define HAVE_STRINGS_H 1
| #define HAVE_INTTYPES_H 1
| #define HAVE_STDINT_H 1
| #define HAVE_UNISTD_H 1
| #define __EXTENSIONS__ 1
| #define _ALL_SOURCE 1
| #define _GNU_SOURCE 1
| #define _POSIX_PTHREAD_SEMANTICS 1
| #define _TANDEM_SOURCE 1
| #define HAVE_DLFCN_H 1
| #define LT_OBJDIR ".libs/"
| #define UNITY_VERSION "Unity-2.4.3"
| /* end confdefs.h.  */
| #include <sys/types.h>
| 		#include <sys/param.h>
| 
| int
| main ()
| {
| #if BYTE_ORDER != BIG_ENDIAN
| 		 not big endian
| 		#endif
| 
|   ;
|   return 0;
| }
configure:9668: result: no
configure:9686: checking for an ANSI C-conforming const
configure:9752: gcc -c -g -O2 -Wall -D_FORTIFY_SOURCE=2 -fstack-protector  conftest.c >&5
configure:9752: $? = 0
configure:9759: result: yes
configure:9767: checking for int64_t
configure:9767: gcc -c -g -O2 -Wall -D_FORTIFY_SOURCE=2 -fstack-protector  conftest.c >&5
configure:9767: $? = 0
configure:9767: gcc -c -g -O2 -Wall -D_FORTIFY_SOURCE=2 -fstack-protector  conftest.c >&5
conftest.c: In function 'main':
conftest.c:69:53: warning: integer overflow in expression of type 'long long int' results in '-9223372036854775808' [-Woverflow]
    < (int64_t) (((((int64_t) 1 << N) << N) - 1) * 2 + 2))];
                                                     ^
conftest.c:68:12: error: storage size of 'test_array' isn't constant
 static int test_array [1 - 2 * !((int64_t) (((((int64_t) 1 << N) << N) - 1) * 2 + 1)
            ^~~~~~~~~~
conftest.c:68:12: warning: unused variable 'test_array' [-Wunused-variable]
configure:9767: $? = 1
configure: failed program was:
| /* confdefs.h */
| #define PACKAGE_NAME "duo_unix"
| #define PACKAGE_TARNAME "duo_unix"
| #define PACKAGE_VERSION "1.11.4"
| #define PACKAGE_STRING "duo_unix 1.11.4"
| #define PACKAGE_BUGREPORT "support@duosecurity.com"
| #define PACKAGE_URL ""
| #define PACKAGE "duo_unix"
| #define VERSION "1.11.4"
| #define DUO_CONF_DIR "/etc/duo"
| #define CANONICAL_HOST "armv7l-unknown-linux-gnueabihf"
| #define STDC_HEADERS 1
| #define HAVE_SYS_TYPES_H 1
| #define HAVE_SYS_STAT_H 1
| #define HAVE_STDLIB_H 1
| #define HAVE_STRING_H 1
| #define HAVE_MEMORY_H 1
| #define HAVE_STRINGS_H 1
| #define HAVE_INTTYPES_H 1
| #define HAVE_STDINT_H 1
| #define HAVE_UNISTD_H 1
| #define __EXTENSIONS__ 1
| #define _ALL_SOURCE 1
| #define _GNU_SOURCE 1
| #define _POSIX_PTHREAD_SEMANTICS 1
| #define _TANDEM_SOURCE 1
| #define HAVE_DLFCN_H 1
| #define LT_OBJDIR ".libs/"
| #define UNITY_VERSION "Unity-2.4.3"
| /* end confdefs.h.  */
| #include <stdio.h>
| #ifdef HAVE_SYS_TYPES_H
| # include <sys/types.h>
| #endif
| #ifdef HAVE_SYS_STAT_H
| # include <sys/stat.h>
| #endif
| #ifdef STDC_HEADERS
| # include <stdlib.h>
| # include <stddef.h>
| #else
| # ifdef HAVE_STDLIB_H
| #  include <stdlib.h>
| # endif
| #endif
| #ifdef HAVE_STRING_H
| # if !defined STDC_HEADERS && defined HAVE_MEMORY_H
| #  include <memory.h>
| # endif
| # include <string.h>
| #endif
| #ifdef HAVE_STRINGS_H
| # include <strings.h>
| #endif
| #ifdef HAVE_INTTYPES_H
| # include <inttypes.h>
| #endif
| #ifdef HAVE_STDINT_H
| # include <stdint.h>
| #endif
| #ifdef HAVE_UNISTD_H
| # include <unistd.h>
| #endif
| 	        enum { N = 64 / 2 - 1 };
| int
| main ()
| {
| static int test_array [1 - 2 * !((int64_t) (((((int64_t) 1 << N) << N) - 1) * 2 + 1)
| 		 < (int64_t) (((((int64_t) 1 << N) << N) - 1) * 2 + 2))];
| test_array [0] = 0;
| return test_array [0];
| 
|   ;
|   return 0;
| }
configure:9767: result: yes
configure:9781: checking for ANSI C header files
configure:9885: result: yes
configure:9896: checking for inttypes.h
configure:9896: result: yes
configure:9896: checking limits.h usability
configure:9896: gcc -c -g -O2 -Wall -D_FORTIFY_SOURCE=2 -fstack-protector  conftest.c >&5
configure:9896: $? = 0
configure:9896: result: yes
configure:9896: checking limits.h presence
configure:9896: gcc -E  conftest.c
configure:9896: $? = 0
configure:9896: result: yes
configure:9896: checking for limits.h
configure:9896: result: yes
configure:9896: checking for memory.h
configure:9896: result: yes
configure:9896: checking for stdint.h
configure:9896: result: yes
configure:9896: checking for stdlib.h
configure:9896: result: yes
configure:9896: checking for string.h
configure:9896: result: yes
configure:9896: checking for unistd.h
configure:9896: result: yes
configure:9928: checking for pkg-config
configure:9946: found /usr/bin/pkg-config
configure:9958: result: /usr/bin/pkg-config
configure:10014: checking whether compiling and linking against OpenSSL works
Trying link with OPENSSL_LDFLAGS=; OPENSSL_LIBS=-lssl -lcrypto; OPENSSL_INCLUDES=
configure:10036: gcc -o conftest -g -O2 -Wall -D_FORTIFY_SOURCE=2 -fstack-protector     conftest.c -lssl -lcrypto  >&5
configure:10036: $? = 0
configure:10038: result: yes
configure:10064: checking whether X509_TEA_set_state runs
configure:10089: gcc -o conftest -g -O2 -Wall -D_FORTIFY_SOURCE=2 -fstack-protector     conftest.c -lssl -lcrypto  >&5
/usr/bin/ld: /tmp/ccIx6D2f.o: in function `main':
/home/pi/project/ssh-demo/MFA/duo_unix-1.11.4/conftest.c:43: undefined reference to `X509_TEA_set_state'
collect2: error: ld returned 1 exit status
configure:10089: $? = 1
configure: program exited with status 1
configure: failed program was:
| /* confdefs.h */
| #define PACKAGE_NAME "duo_unix"
| #define PACKAGE_TARNAME "duo_unix"
| #define PACKAGE_VERSION "1.11.4"
| #define PACKAGE_STRING "duo_unix 1.11.4"
| #define PACKAGE_BUGREPORT "support@duosecurity.com"
| #define PACKAGE_URL ""
| #define PACKAGE "duo_unix"
| #define VERSION "1.11.4"
| #define DUO_CONF_DIR "/etc/duo"
| #define CANONICAL_HOST "armv7l-unknown-linux-gnueabihf"
| #define STDC_HEADERS 1
| #define HAVE_SYS_TYPES_H 1
| #define HAVE_SYS_STAT_H 1
| #define HAVE_STDLIB_H 1
| #define HAVE_STRING_H 1
| #define HAVE_MEMORY_H 1
| #define HAVE_STRINGS_H 1
| #define HAVE_INTTYPES_H 1
| #define HAVE_STDINT_H 1
| #define HAVE_UNISTD_H 1
| #define __EXTENSIONS__ 1
| #define _ALL_SOURCE 1
| #define _GNU_SOURCE 1
| #define _POSIX_PTHREAD_SEMANTICS 1
| #define _TANDEM_SOURCE 1
| #define HAVE_DLFCN_H 1
| #define LT_OBJDIR ".libs/"
| #define UNITY_VERSION "Unity-2.4.3"
| #define STDC_HEADERS 1
| #define HAVE_INTTYPES_H 1
| #define HAVE_LIMITS_H 1
| #define HAVE_MEMORY_H 1
| #define HAVE_STDINT_H 1
| #define HAVE_STDLIB_H 1
| #define HAVE_STRING_H 1
| #define HAVE_UNISTD_H 1
| /* end confdefs.h.  */
| void X509_TEA_set_state(int change);
| int
| main ()
| {
| X509_TEA_set_state(0);
|   ;
|   return 0;
| }
configure:10099: result: no
configure:10145: checking security/pam_appl.h usability
configure:10145: gcc -c -g -O2 -Wall -D_FORTIFY_SOURCE=2 -fstack-protector  conftest.c >&5
configure:10145: $? = 0
configure:10145: result: yes
configure:10145: checking security/pam_appl.h presence
configure:10145: gcc -E  conftest.c
configure:10145: $? = 0
configure:10145: result: yes
configure:10145: checking for security/pam_appl.h
configure:10145: result: yes
configure:10160: checking for security/pam_modules.h
configure:10160: gcc -c -g -O2 -Wall -D_FORTIFY_SOURCE=2 -fstack-protector  conftest.c >&5
configure:10160: $? = 0
configure:10160: result: yes
configure:10160: checking for security/pam_ext.h
configure:10160: gcc -c -g -O2 -Wall -D_FORTIFY_SOURCE=2 -fstack-protector  conftest.c >&5
configure:10160: $? = 0
configure:10160: result: yes
configure:10172: checking for main in -lpam
configure:10191: gcc -o conftest -g -O2 -Wall -D_FORTIFY_SOURCE=2 -fstack-protector   conftest.c -lpam   >&5
configure:10191: $? = 0
configure:10200: result: yes
configure:10226: PAM installation path /lib/security
configure:10232: checking for pam_vprompt
configure:10232: gcc -o conftest -g -O2 -Wall -D_FORTIFY_SOURCE=2 -fstack-protector   conftest.c -lpam  >&5
configure:10232: $? = 0
configure:10232: result: yes
configure:10266: Using privilege separation user "sshd"
configure:10315: Using libdir "${exec_prefix}/lib"
configure:10323: checking for memcpy
configure:10323: gcc -o conftest -g -O2 -Wall -D_FORTIFY_SOURCE=2 -fstack-protector   conftest.c  >&5
conftest.c:68:6: warning: conflicting types for built-in function 'memcpy' [-Wbuiltin-declaration-mismatch]
 char memcpy ();
      ^~~~~~
configure:10323: $? = 0
configure:10323: result: yes
configure:10323: checking for memset
configure:10323: gcc -o conftest -g -O2 -Wall -D_FORTIFY_SOURCE=2 -fstack-protector   conftest.c  >&5
conftest.c:69:6: warning: conflicting types for built-in function 'memset' [-Wbuiltin-declaration-mismatch]
 char memset ();
      ^~~~~~
configure:10323: $? = 0
configure:10323: result: yes
configure:10323: checking for sysconf
configure:10323: gcc -o conftest -g -O2 -Wall -D_FORTIFY_SOURCE=2 -fstack-protector   conftest.c  >&5
configure:10323: $? = 0
configure:10323: result: yes
configure:10323: checking for getaddrinfo
configure:10323: gcc -o conftest -g -O2 -Wall -D_FORTIFY_SOURCE=2 -fstack-protector   conftest.c  >&5
configure:10323: $? = 0
configure:10323: result: yes
configure:10323: checking for open64
configure:10323: gcc -o conftest -g -O2 -Wall -D_FORTIFY_SOURCE=2 -fstack-protector   conftest.c  >&5
configure:10323: $? = 0
configure:10323: result: yes
configure:10323: checking for fopen64
configure:10323: gcc -o conftest -g -O2 -Wall -D_FORTIFY_SOURCE=2 -fstack-protector   conftest.c  >&5
configure:10323: $? = 0
configure:10323: result: yes
configure:10323: checking for explicit_bzero
configure:10323: gcc -o conftest -g -O2 -Wall -D_FORTIFY_SOURCE=2 -fstack-protector   conftest.c  >&5
configure:10323: $? = 0
configure:10323: result: yes
configure:10323: checking for memset_s
configure:10323: gcc -o conftest -g -O2 -Wall -D_FORTIFY_SOURCE=2 -fstack-protector   conftest.c  >&5
/usr/bin/ld: /tmp/cciEqa1c.o: in function `main':
/home/pi/project/ssh-demo/MFA/duo_unix-1.11.4/conftest.c:86: undefined reference to `memset_s'
collect2: error: ld returned 1 exit status
configure:10323: $? = 1
configure: failed program was:
| /* confdefs.h */
| #define PACKAGE_NAME "duo_unix"
| #define PACKAGE_TARNAME "duo_unix"
| #define PACKAGE_VERSION "1.11.4"
| #define PACKAGE_STRING "duo_unix 1.11.4"
| #define PACKAGE_BUGREPORT "support@duosecurity.com"
| #define PACKAGE_URL ""
| #define PACKAGE "duo_unix"
| #define VERSION "1.11.4"
| #define DUO_CONF_DIR "/etc/duo"
| #define CANONICAL_HOST "armv7l-unknown-linux-gnueabihf"
| #define STDC_HEADERS 1
| #define HAVE_SYS_TYPES_H 1
| #define HAVE_SYS_STAT_H 1
| #define HAVE_STDLIB_H 1
| #define HAVE_STRING_H 1
| #define HAVE_MEMORY_H 1
| #define HAVE_STRINGS_H 1
| #define HAVE_INTTYPES_H 1
| #define HAVE_STDINT_H 1
| #define HAVE_UNISTD_H 1
| #define __EXTENSIONS__ 1
| #define _ALL_SOURCE 1
| #define _GNU_SOURCE 1
| #define _POSIX_PTHREAD_SEMANTICS 1
| #define _TANDEM_SOURCE 1
| #define HAVE_DLFCN_H 1
| #define LT_OBJDIR ".libs/"
| #define UNITY_VERSION "Unity-2.4.3"
| #define STDC_HEADERS 1
| #define HAVE_INTTYPES_H 1
| #define HAVE_LIMITS_H 1
| #define HAVE_MEMORY_H 1
| #define HAVE_STDINT_H 1
| #define HAVE_STDLIB_H 1
| #define HAVE_STRING_H 1
| #define HAVE_UNISTD_H 1
| #define HAVE_SECURITY_PAM_APPL_H 1
| #define HAVE_SECURITY_PAM_MODULES_H 1
| #define HAVE_SECURITY_PAM_EXT_H 1
| #define HAVE_LIBPAM 1
| #define HAVE_PAM_VPROMPT 1
| #define DUO_PRIVSEP_USER "sshd"
| #define HAVE_MEMCPY 1
| #define HAVE_MEMSET 1
| #define HAVE_SYSCONF 1
| #define HAVE_GETADDRINFO 1
| #define HAVE_OPEN64 1
| #define HAVE_FOPEN64 1
| #define HAVE_EXPLICIT_BZERO 1
| /* end confdefs.h.  */
| /* Define memset_s to an innocuous variant, in case <limits.h> declares memset_s.
|    For example, HP-UX 11i <limits.h> declares gettimeofday.  */
| #define memset_s innocuous_memset_s
| 
| /* System header to define __stub macros and hopefully few prototypes,
|     which can conflict with char memset_s (); below.
|     Prefer <limits.h> to <assert.h> if __STDC__ is defined, since
|     <limits.h> exists even on freestanding compilers.  */
| 
| #ifdef __STDC__
| # include <limits.h>
| #else
| # include <assert.h>
| #endif
| 
| #undef memset_s
| 
| /* Override any GCC internal prototype to avoid an error.
|    Use char because int might match the return type of a GCC
|    builtin and then its argument prototype would still apply.  */
| #ifdef __cplusplus
| extern "C"
| #endif
| char memset_s ();
| /* The GNU C library defines this for functions which it implements
|     to always fail with ENOSYS.  Some functions are actually named
|     something starting with __ and the normal name is an alias.  */
| #if defined __stub_memset_s || defined __stub___memset_s
| choke me
| #endif
| 
| int
| main ()
| {
| return memset_s ();
|   ;
|   return 0;
| }
configure:10323: result: no
configure:10332: checking for asprintf
configure:10332: gcc -o conftest -g -O2 -Wall -D_FORTIFY_SOURCE=2 -fstack-protector   conftest.c  >&5
configure:10332: $? = 0
configure:10332: result: yes
configure:10345: checking for getgrouplist
configure:10345: gcc -o conftest -g -O2 -Wall -D_FORTIFY_SOURCE=2 -fstack-protector   conftest.c  >&5
configure:10345: $? = 0
configure:10345: result: yes
configure:10358: checking for strlcpy
configure:10358: gcc -o conftest -g -O2 -Wall -D_FORTIFY_SOURCE=2 -fstack-protector   conftest.c  >&5
/usr/bin/ld: /tmp/cc6K77Kl.o: in function `main':
/home/pi/project/ssh-demo/MFA/duo_unix-1.11.4/conftest.c:88: undefined reference to `strlcpy'
collect2: error: ld returned 1 exit status
configure:10358: $? = 1
configure: failed program was:
| /* confdefs.h */
| #define PACKAGE_NAME "duo_unix"
| #define PACKAGE_TARNAME "duo_unix"
| #define PACKAGE_VERSION "1.11.4"
| #define PACKAGE_STRING "duo_unix 1.11.4"
| #define PACKAGE_BUGREPORT "support@duosecurity.com"
| #define PACKAGE_URL ""
| #define PACKAGE "duo_unix"
| #define VERSION "1.11.4"
| #define DUO_CONF_DIR "/etc/duo"
| #define CANONICAL_HOST "armv7l-unknown-linux-gnueabihf"
| #define STDC_HEADERS 1
| #define HAVE_SYS_TYPES_H 1
| #define HAVE_SYS_STAT_H 1
| #define HAVE_STDLIB_H 1
| #define HAVE_STRING_H 1
| #define HAVE_MEMORY_H 1
| #define HAVE_STRINGS_H 1
| #define HAVE_INTTYPES_H 1
| #define HAVE_STDINT_H 1
| #define HAVE_UNISTD_H 1
| #define __EXTENSIONS__ 1
| #define _ALL_SOURCE 1
| #define _GNU_SOURCE 1
| #define _POSIX_PTHREAD_SEMANTICS 1
| #define _TANDEM_SOURCE 1
| #define HAVE_DLFCN_H 1
| #define LT_OBJDIR ".libs/"
| #define UNITY_VERSION "Unity-2.4.3"
| #define STDC_HEADERS 1
| #define HAVE_INTTYPES_H 1
| #define HAVE_LIMITS_H 1
| #define HAVE_MEMORY_H 1
| #define HAVE_STDINT_H 1
| #define HAVE_STDLIB_H 1
| #define HAVE_STRING_H 1
| #define HAVE_UNISTD_H 1
| #define HAVE_SECURITY_PAM_APPL_H 1
| #define HAVE_SECURITY_PAM_MODULES_H 1
| #define HAVE_SECURITY_PAM_EXT_H 1
| #define HAVE_LIBPAM 1
| #define HAVE_PAM_VPROMPT 1
| #define DUO_PRIVSEP_USER "sshd"
| #define HAVE_MEMCPY 1
| #define HAVE_MEMSET 1
| #define HAVE_SYSCONF 1
| #define HAVE_GETADDRINFO 1
| #define HAVE_OPEN64 1
| #define HAVE_FOPEN64 1
| #define HAVE_EXPLICIT_BZERO 1
| #define HAVE_ASPRINTF 1
| #define HAVE_GETGROUPLIST 1
| /* end confdefs.h.  */
| /* Define strlcpy to an innocuous variant, in case <limits.h> declares strlcpy.
|    For example, HP-UX 11i <limits.h> declares gettimeofday.  */
| #define strlcpy innocuous_strlcpy
| 
| /* System header to define __stub macros and hopefully few prototypes,
|     which can conflict with char strlcpy (); below.
|     Prefer <limits.h> to <assert.h> if __STDC__ is defined, since
|     <limits.h> exists even on freestanding compilers.  */
| 
| #ifdef __STDC__
| # include <limits.h>
| #else
| # include <assert.h>
| #endif
| 
| #undef strlcpy
| 
| /* Override any GCC internal prototype to avoid an error.
|    Use char because int might match the return type of a GCC
|    builtin and then its argument prototype would still apply.  */
| #ifdef __cplusplus
| extern "C"
| #endif
| char strlcpy ();
| /* The GNU C library defines this for functions which it implements
|     to always fail with ENOSYS.  Some functions are actually named
|     something starting with __ and the normal name is an alias.  */
| #if defined __stub_strlcpy || defined __stub___strlcpy
| choke me
| #endif
| 
| int
| main ()
| {
| return strlcpy ();
|   ;
|   return 0;
| }
configure:10358: result: no
configure:10371: checking for vsyslog
configure:10371: gcc -o conftest -g -O2 -Wall -D_FORTIFY_SOURCE=2 -fstack-protector   conftest.c  >&5
configure:10371: $? = 0
configure:10371: result: yes
configure:10385: checking for library containing inet_ntoa
configure:10416: gcc -o conftest -g -O2 -Wall -D_FORTIFY_SOURCE=2 -fstack-protector   conftest.c  >&5
configure:10416: $? = 0
configure:10433: result: none required
configure:10441: checking for library containing socket
configure:10472: gcc -o conftest -g -O2 -Wall -D_FORTIFY_SOURCE=2 -fstack-protector   conftest.c  >&5
configure:10472: $? = 0
configure:10489: result: none required
configure:10602: checking that generated files are newer than configure
configure:10608: result: done
configure:10644: creating ./config.status

## ---------------------- ##
## Running config.status. ##
## ---------------------- ##

This file was extended by duo_unix config.status 1.11.4, which was
generated by GNU Autoconf 2.69.  Invocation command line was

  CONFIG_FILES    = 
  CONFIG_HEADERS  = 
  CONFIG_LINKS    = 
  CONFIG_COMMANDS = 
  $ ./config.status 

on raspberrypi

config.status:1134: creating Makefile
config.status:1134: creating compat/Makefile
config.status:1134: creating duo_unix_support/Makefile
config.status:1134: creating lib/Makefile
config.status:1134: creating lib/libduo.pc
config.status:1134: creating login_duo/Makefile
config.status:1134: creating pam_duo/Makefile
config.status:1134: creating tests/Makefile
config.status:1134: creating tests/unity_tests/Makefile
config.status:1134: creating tests/unity_tests/Unity-2.4.3/Makefile
config.status:1134: creating config.h
config.status:1363: executing depfiles commands
config.status:1363: executing libtool commands

## ---------------- ##
## Cache variables. ##
## ---------------- ##

ac_cv_build=armv7l-unknown-linux-gnueabihf
ac_cv_c_bigendian=no
ac_cv_c_compiler_gnu=yes
ac_cv_c_const=yes
ac_cv_c_int64_t=yes
ac_cv_env_CC_set=
ac_cv_env_CC_value=
ac_cv_env_CFLAGS_set=
ac_cv_env_CFLAGS_value=
ac_cv_env_CPPFLAGS_set=
ac_cv_env_CPPFLAGS_value=
ac_cv_env_CPP_set=
ac_cv_env_CPP_value=
ac_cv_env_LDFLAGS_set=
ac_cv_env_LDFLAGS_value=
ac_cv_env_LIBS_set=
ac_cv_env_LIBS_value=
ac_cv_env_build_alias_set=
ac_cv_env_build_alias_value=
ac_cv_env_host_alias_set=
ac_cv_env_host_alias_value=
ac_cv_env_target_alias_set=
ac_cv_env_target_alias_value=
ac_cv_func_asprintf=yes
ac_cv_func_explicit_bzero=yes
ac_cv_func_fopen64=yes
ac_cv_func_getaddrinfo=yes
ac_cv_func_getgrouplist=yes
ac_cv_func_memcpy=yes
ac_cv_func_memset=yes
ac_cv_func_memset_s=no
ac_cv_func_open64=yes
ac_cv_func_pam_vprompt=yes
ac_cv_func_strlcpy=no
ac_cv_func_sysconf=yes
ac_cv_func_vsyslog=yes
ac_cv_header_dlfcn_h=yes
ac_cv_header_inttypes_h=yes
ac_cv_header_limits_h=yes
ac_cv_header_memory_h=yes
ac_cv_header_minix_config_h=no
ac_cv_header_security_pam_appl_h=yes
ac_cv_header_security_pam_ext_h=yes
ac_cv_header_security_pam_modules_h=yes
ac_cv_header_stdc=yes
ac_cv_header_stdint_h=yes
ac_cv_header_stdlib_h=yes
ac_cv_header_string_h=yes
ac_cv_header_strings_h=yes
ac_cv_header_sys_stat_h=yes
ac_cv_header_sys_types_h=yes
ac_cv_header_unistd_h=yes
ac_cv_host=armv7l-unknown-linux-gnueabihf
ac_cv_lib_pam_main=yes
ac_cv_objext=o
ac_cv_path_EGREP='/usr/bin/grep -E'
ac_cv_path_FGREP='/usr/bin/grep -F'
ac_cv_path_GREP=/usr/bin/grep
ac_cv_path_PKG_CONFIG=/usr/bin/pkg-config
ac_cv_path_SED=/usr/bin/sed
ac_cv_path_install='/usr/bin/install -c'
ac_cv_path_mkdir=/usr/bin/mkdir
ac_cv_prog_AWK=mawk
ac_cv_prog_CPP='gcc -E'
ac_cv_prog_ac_ct_AR=ar
ac_cv_prog_ac_ct_CC=gcc
ac_cv_prog_ac_ct_MANIFEST_TOOL=mt
ac_cv_prog_ac_ct_OBJDUMP=objdump
ac_cv_prog_ac_ct_RANLIB=ranlib
ac_cv_prog_ac_ct_STRIP=strip
ac_cv_prog_cc_c89=
ac_cv_prog_cc_g=yes
ac_cv_prog_cc_gcc_c_o=yes
ac_cv_prog_make_make_set=yes
ac_cv_safe_to_define___extensions__=yes
ac_cv_search_inet_ntoa='none required'
ac_cv_search_socket='none required'
am_cv_CC_dependencies_compiler_type=gcc3
am_cv_make_support_nested_variables=yes
lt_cv_ar_at_file=@
lt_cv_archive_cmds_need_lc=no
lt_cv_deplibs_check_method=pass_all
lt_cv_file_magic_cmd='$MAGIC_CMD'
lt_cv_file_magic_test_file=
lt_cv_ld_reload_flag=-r
lt_cv_nm_interface='BSD nm'
lt_cv_objdir=.libs
lt_cv_path_LD=/usr/bin/ld
lt_cv_path_NM='/usr/bin/nm -B'
lt_cv_path_mainfest_tool=no
lt_cv_prog_compiler_c_o=yes
lt_cv_prog_compiler_pic='-fPIC -DPIC'
lt_cv_prog_compiler_pic_works=yes
lt_cv_prog_compiler_rtti_exceptions=no
lt_cv_prog_compiler_static_works=yes
lt_cv_prog_gnu_ld=yes
lt_cv_sharedlib_from_linklib_cmd='printf %s\n'
lt_cv_shlibpath_overrides_runpath=yes
lt_cv_sys_global_symbol_pipe='sed -n -e '\''s/^.*[	 ]\([ABCDGIRSTW][ABCDGIRSTW]*\)[	 ][	 ]*\([_A-Za-z][_A-Za-z0-9]*\)$/\1 \2 \2/p'\'' | sed '\''/ __gnu_lto/d'\'''
lt_cv_sys_global_symbol_to_c_name_address='sed -n -e '\''s/^: \([^ ]*\)[ ]*$/  {\"\1\", (void *) 0},/p'\'' -e '\''s/^[ABCDGIRSTW]* \([^ ]*\) \([^ ]*\)$/  {"\2", (void *) \&\2},/p'\'''
lt_cv_sys_global_symbol_to_c_name_address_lib_prefix='sed -n -e '\''s/^: \([^ ]*\)[ ]*$/  {\"\1\", (void *) 0},/p'\'' -e '\''s/^[ABCDGIRSTW]* \([^ ]*\) \(lib[^ ]*\)$/  {"\2", (void *) \&\2},/p'\'' -e '\''s/^[ABCDGIRSTW]* \([^ ]*\) \([^ ]*\)$/  {"lib\2", (void *) \&\2},/p'\'''
lt_cv_sys_global_symbol_to_cdecl='sed -n -e '\''s/^T .* \(.*\)$/extern int \1();/p'\'' -e '\''s/^[ABCDGIRSTW]* .* \(.*\)$/extern char \1;/p'\'''
lt_cv_sys_max_cmd_len=1572864
lt_cv_to_host_file_cmd=func_convert_file_noop
lt_cv_to_tool_file_cmd=func_convert_file_noop

## ----------------- ##
## Output variables. ##
## ----------------- ##

ACLOCAL='${SHELL} /home/pi/project/ssh-demo/MFA/duo_unix-1.11.4/autotools/missing aclocal-1.13'
AMDEPBACKSLASH='\'
AMDEP_FALSE='#'
AMDEP_TRUE=''
AMTAR='$${TAR-tar}'
AM_BACKSLASH='\'
AM_DEFAULT_V='$(AM_DEFAULT_VERBOSITY)'
AM_DEFAULT_VERBOSITY='1'
AM_V='$(V)'
AR='ar'
AUTOCONF='${SHELL} /home/pi/project/ssh-demo/MFA/duo_unix-1.11.4/autotools/missing autoconf'
AUTOHEADER='${SHELL} /home/pi/project/ssh-demo/MFA/duo_unix-1.11.4/autotools/missing autoheader'
AUTOMAKE='${SHELL} /home/pi/project/ssh-demo/MFA/duo_unix-1.11.4/autotools/missing automake-1.13'
AWK='mawk'
CC='gcc'
CCDEPMODE='depmode=gcc3'
CFLAGS='-g -O2 -Wall -D_FORTIFY_SOURCE=2 -fstack-protector'
CPP='gcc -E'
CPPFLAGS=''
CYGPATH_W='echo'
DEFS='-DHAVE_CONFIG_H'
DEPDIR='.deps'
DLLTOOL='false'
DSYMUTIL=''
DUMPBIN=''
DUO_CONF_DIR='/etc/duo'
DUO_PRIVSEP_USER='sshd'
ECHO_C=''
ECHO_N='-n'
ECHO_T=''
EGREP='/usr/bin/grep -E'
EXEEXT=''
FGREP='/usr/bin/grep -F'
GREP='/usr/bin/grep'
INSTALL_DATA='${INSTALL} -m 644'
INSTALL_PROGRAM='${INSTALL}'
INSTALL_SCRIPT='${INSTALL}'
INSTALL_STRIP_PROGRAM='$(install_sh) -c -s'
IS_AIX='no'
LD='/usr/bin/ld'
LDFLAGS=''
LIBOBJS=' ${LIBOBJDIR}strlcpy$U.o'
LIBPAM='-lpam'
LIBS=''
LIBTOOL='$(SHELL) $(top_builddir)/libtool'
LIPO=''
LN_S='ln -s'
LTLIBOBJS=' ${LIBOBJDIR}strlcpy$U.lo'
MAINT='#'
MAINTAINER_MODE_FALSE=''
MAINTAINER_MODE_TRUE='#'
MAKEINFO='${SHELL} /home/pi/project/ssh-demo/MFA/duo_unix-1.11.4/autotools/missing makeinfo'
MANIFEST_TOOL=':'
MKDIR_P='/usr/bin/mkdir -p'
NM='/usr/bin/nm -B'
NMEDIT=''
OBJDUMP='objdump'
OBJEXT='o'
OPENSSL_INCLUDES=''
OPENSSL_LDFLAGS=''
OPENSSL_LIBS='-lssl -lcrypto'
OTOOL64=''
OTOOL=''
PACKAGE='duo_unix'
PACKAGE_BUGREPORT='support@duosecurity.com'
PACKAGE_NAME='duo_unix'
PACKAGE_STRING='duo_unix 1.11.4'
PACKAGE_TARNAME='duo_unix'
PACKAGE_URL=''
PACKAGE_VERSION='1.11.4'
PAMDIR='/lib/security'
PAM_FALSE='#'
PAM_TRUE=''
PATH_SEPARATOR=':'
PKG_CONFIG='/usr/bin/pkg-config'
RANLIB='ranlib'
SED='/usr/bin/sed'
SET_MAKE=''
SHELL='/bin/bash'
STRIP='strip'
UNITY_VERSION='Unity-2.4.3'
VERSION='1.11.4'
ac_ct_AR='ar'
ac_ct_CC='gcc'
ac_ct_DUMPBIN=''
am__EXEEXT_FALSE=''
am__EXEEXT_TRUE='#'
am__fastdepCC_FALSE='#'
am__fastdepCC_TRUE=''
am__include='include'
am__isrc=''
am__leading_dot='.'
am__nodep='_no'
am__quote=''
am__tar='$${TAR-tar} chof - "$$tardir"'
am__untar='$${TAR-tar} xf -'
bindir='${exec_prefix}/bin'
build='armv7l-unknown-linux-gnueabihf'
build_alias=''
build_cpu='armv7l'
build_os='linux-gnueabihf'
build_vendor='unknown'
datadir='${datarootdir}'
datarootdir='${prefix}/share'
docdir='${datarootdir}/doc/${PACKAGE_TARNAME}'
dvidir='${docdir}'
enable_lib64='yes'
exec_prefix='${prefix}'
host='armv7l-unknown-linux-gnueabihf'
host_alias=''
host_cpu='armv7l'
host_os='linux-gnueabihf'
host_vendor='unknown'
htmldir='${docdir}'
includedir='${prefix}/include'
infodir='${datarootdir}/info'
install_sh='${SHELL} /home/pi/project/ssh-demo/MFA/duo_unix-1.11.4/autotools/install-sh'
libdir='${exec_prefix}/lib'
libdirsuffix=''
libexecdir='${exec_prefix}/libexec'
localedir='${datarootdir}/locale'
localstatedir='${prefix}/var'
mandir='${datarootdir}/man'
mkdir_p='$(MKDIR_P)'
oldincludedir='/usr/include'
pdfdir='${docdir}'
prefix='/usr'
program_transform_name='s,x,x,'
psdir='${docdir}'
sbindir='${exec_prefix}/sbin'
sharedstatedir='${prefix}/com'
sysconfdir='/etc/duo'
target_alias=''

## ----------- ##
## confdefs.h. ##
## ----------- ##

/* confdefs.h */
#define PACKAGE_NAME "duo_unix"
#define PACKAGE_TARNAME "duo_unix"
#define PACKAGE_VERSION "1.11.4"
#define PACKAGE_STRING "duo_unix 1.11.4"
#define PACKAGE_BUGREPORT "support@duosecurity.com"
#define PACKAGE_URL ""
#define PACKAGE "duo_unix"
#define VERSION "1.11.4"
#define DUO_CONF_DIR "/etc/duo"
#define CANONICAL_HOST "armv7l-unknown-linux-gnueabihf"
#define STDC_HEADERS 1
#define HAVE_SYS_TYPES_H 1
#define HAVE_SYS_STAT_H 1
#define HAVE_STDLIB_H 1
#define HAVE_STRING_H 1
#define HAVE_MEMORY_H 1
#define HAVE_STRINGS_H 1
#define HAVE_INTTYPES_H 1
#define HAVE_STDINT_H 1
#define HAVE_UNISTD_H 1
#define __EXTENSIONS__ 1
#define _ALL_SOURCE 1
#define _GNU_SOURCE 1
#define _POSIX_PTHREAD_SEMANTICS 1
#define _TANDEM_SOURCE 1
#define HAVE_DLFCN_H 1
#define LT_OBJDIR ".libs/"
#define UNITY_VERSION "Unity-2.4.3"
#define STDC_HEADERS 1
#define HAVE_INTTYPES_H 1
#define HAVE_LIMITS_H 1
#define HAVE_MEMORY_H 1
#define HAVE_STDINT_H 1
#define HAVE_STDLIB_H 1
#define HAVE_STRING_H 1
#define HAVE_UNISTD_H 1
#define HAVE_SECURITY_PAM_APPL_H 1
#define HAVE_SECURITY_PAM_MODULES_H 1
#define HAVE_SECURITY_PAM_EXT_H 1
#define HAVE_LIBPAM 1
#define HAVE_PAM_VPROMPT 1
#define DUO_PRIVSEP_USER "sshd"
#define HAVE_MEMCPY 1
#define HAVE_MEMSET 1
#define HAVE_SYSCONF 1
#define HAVE_GETADDRINFO 1
#define HAVE_OPEN64 1
#define HAVE_FOPEN64 1
#define HAVE_EXPLICIT_BZERO 1
#define HAVE_ASPRINTF 1
#define HAVE_GETGROUPLIST 1
#define HAVE_VSYSLOG 1

configure: exit 0
